<?xml version="1.0" encoding="UTF-8"?>
<robot generator="Robot 5.0.1 (Python 3.10.5 on win32)" generated="20220823 14:13:41.376" rpa="false" schemaversion="3">
<suite id="s1" name="PrimeiroScriptSelenium" source="C:\Projects\CourseRF\projeto-teste-x\tests\PrimeiroScriptSelenium.robot">
<test id="s1-t1" name="Abrir um navegador na página do google" line="5">
<kw name="Abrir a página &quot;http://www.google.com&quot; com o navegador &quot;firefox&quot;" sourcename="Abrir a página &quot;${URL}&quot; com o navegador &quot;${navegador}&quot;">
<kw name="Open Browser" library="SeleniumLibrary">
<arg>${URL}</arg>
<arg>${navegador}</arg>
<doc>Opens a new browser instance to the optional ``url``.</doc>
<msg timestamp="20220823 14:13:41.629" level="INFO">Opening browser 'firefox' to base url 'http://www.google.com'.</msg>
<msg timestamp="20220823 14:13:41.635" level="INFO">Firefox driver log is always forced to to: C:\Projects\CourseRF\curso-robot-modulo-1\results\geckodriver-1.log</msg>
<status status="PASS" starttime="20220823 14:13:41.628" endtime="20220823 14:13:50.187"/>
</kw>
<status status="PASS" starttime="20220823 14:13:41.627" endtime="20220823 14:13:50.188"/>
</kw>
<kw name="Title Should Be" library="SeleniumLibrary">
<arg>Google</arg>
<doc>Verifies that the current page title equals ``title``.</doc>
<msg timestamp="20220823 14:13:50.195" level="INFO">Page title is 'Google'.</msg>
<status status="PASS" starttime="20220823 14:13:50.189" endtime="20220823 14:13:50.196"/>
</kw>
<kw name="Input Text" library="SeleniumLibrary">
<arg>name=q</arg>
<arg>Robot Framework Selenium Library</arg>
<doc>Types the given ``text`` into the text field identified by ``locator``.</doc>
<msg timestamp="20220823 14:13:50.198" level="INFO">Typing text 'Robot Framework Selenium Library' into text field 'name=q'.</msg>
<status status="PASS" starttime="20220823 14:13:50.197" endtime="20220823 14:13:50.393"/>
</kw>
<kw name="Press Keys" library="SeleniumLibrary">
<arg>name=q</arg>
<arg>ENTER</arg>
<doc>Simulates the user pressing key(s) to an element or on the active browser.</doc>
<msg timestamp="20220823 14:13:50.395" level="INFO">Sending key(s) ('ENTER',) to name=q element.</msg>
<msg timestamp="20220823 14:13:50.691" level="INFO">Pressing special key ENTER to element.</msg>
<msg timestamp="20220823 14:13:50.692" level="INFO">Releasing special key ENTER.</msg>
<status status="PASS" starttime="20220823 14:13:50.394" endtime="20220823 14:13:50.731"/>
</kw>
<kw name="Close Browser" library="SeleniumLibrary">
<doc>Closes the current browser.</doc>
<status status="PASS" starttime="20220823 14:13:50.734" endtime="20220823 14:13:51.975"/>
</kw>
<status status="PASS" starttime="20220823 14:13:41.626" endtime="20220823 14:13:51.975"/>
</test>
<status status="PASS" starttime="20220823 14:13:41.384" endtime="20220823 14:13:51.978"/>
</suite>
<statistics>
<total>
<stat pass="1" fail="0" skip="0">All Tests</stat>
</total>
<tag>
</tag>
<suite>
<stat pass="1" fail="0" skip="0" id="s1" name="PrimeiroScriptSelenium">PrimeiroScriptSelenium</stat>
</suite>
</statistics>
<errors>
</errors>
</robot>
