<?xml version="1.0" encoding="UTF-8"?>
<robot generator="Robot 5.0.1 (Python 3.10.5 on win32)" generated="20220823 15:49:51.209" rpa="false" schemaversion="3">
<suite id="s1" name="Cadastro-Cliente" source="C:\Projects\CourseRF\projeto-teste-x\tests\cadastro-cliente.robot">
<test id="s1-t1" name="Fazer o cadastro de um novo cliente" line="25">
<kw name="Set Selenium Speed" library="SeleniumLibrary">
<arg>0.3</arg>
<doc>Sets the delay that is waited after each Selenium command.</doc>
<status status="PASS" starttime="20220823 15:49:51.463" endtime="20220823 15:49:51.464"/>
</kw>
<kw name="Open Browser" library="SeleniumLibrary">
<arg>https://estivalet.github.io/robot-static-testing-site/cadastro/index.html</arg>
<arg>chrome</arg>
<doc>Opens a new browser instance to the optional ``url``.</doc>
<msg timestamp="20220823 15:49:51.467" level="INFO">Opening browser 'chrome' to base url 'https://estivalet.github.io/robot-static-testing-site/cadastro/index.html'.</msg>
<status status="PASS" starttime="20220823 15:49:51.467" endtime="20220823 15:49:53.950"/>
</kw>
<kw name="Maximize Browser Window" library="SeleniumLibrary">
<doc>Maximizes current browser window.</doc>
<status status="PASS" starttime="20220823 15:49:53.957" endtime="20220823 15:49:54.264"/>
</kw>
<kw name="Title Should Be" library="SeleniumLibrary">
<arg>Cadastro de Clientes</arg>
<doc>Verifies that the current page title equals ``title``.</doc>
<msg timestamp="20220823 15:49:54.576" level="INFO">Page title is 'Cadastro de Clientes'.</msg>
<status status="PASS" starttime="20220823 15:49:54.264" endtime="20220823 15:49:54.577"/>
</kw>
<kw name="Input Text" library="SeleniumLibrary">
<arg>${INPUT_NOME_DO_CLIENTE}</arg>
<arg>Joao Gabriel</arg>
<doc>Types the given ``text`` into the text field identified by ``locator``.</doc>
<msg timestamp="20220823 15:49:54.580" level="INFO">Typing text 'Joao Gabriel' into text field 'id=nome_cliente'.</msg>
<status status="PASS" starttime="20220823 15:49:54.578" endtime="20220823 15:49:55.623"/>
</kw>
<kw name="Input Text" library="SeleniumLibrary">
<arg>${INPUT_CPF_DO_CLIENTE}</arg>
<arg>123456798</arg>
<doc>Types the given ``text`` into the text field identified by ``locator``.</doc>
<msg timestamp="20220823 15:49:55.625" level="INFO">Typing text '123456798' into text field 'id=cpf'.</msg>
<status status="PASS" starttime="20220823 15:49:55.624" endtime="20220823 15:49:56.645"/>
</kw>
<kw name="Input Text" library="SeleniumLibrary">
<arg>${INPUT_DATA_NASCIMENTO_DO_CLIENTE}</arg>
<arg>22091956</arg>
<doc>Types the given ``text`` into the text field identified by ``locator``.</doc>
<msg timestamp="20220823 15:49:56.647" level="INFO">Typing text '22091956' into text field 'id=dtnasc'.</msg>
<status status="PASS" starttime="20220823 15:49:56.646" endtime="20220823 15:49:57.674"/>
</kw>
<kw name="Click Element" library="SeleniumLibrary">
<arg>${RADIO_MASCULINO}</arg>
<doc>Click the element identified by ``locator``.</doc>
<msg timestamp="20220823 15:49:57.677" level="INFO">Clicking element 'xpath=//input[@value='masculino']'.</msg>
<status status="PASS" starttime="20220823 15:49:57.674" endtime="20220823 15:49:58.366"/>
</kw>
<kw name="Input Text" library="SeleniumLibrary">
<arg>${INPUT_CEP_DO_CLIENTE}</arg>
<arg>85502070</arg>
<doc>Types the given ``text`` into the text field identified by ``locator``.</doc>
<msg timestamp="20220823 15:49:58.368" level="INFO">Typing text '85502070' into text field 'id=cep'.</msg>
<status status="PASS" starttime="20220823 15:49:58.367" endtime="20220823 15:49:59.358"/>
</kw>
<kw name="Click Element" library="SeleniumLibrary">
<arg>${BUTTON_PESQUISAR}</arg>
<doc>Click the element identified by ``locator``.</doc>
<msg timestamp="20220823 15:49:59.360" level="INFO">Clicking element 'xpath=//button[text()='Pesquisar']'.</msg>
<status status="PASS" starttime="20220823 15:49:59.359" endtime="20220823 15:50:00.026"/>
</kw>
<kw name="Wait Until Keyword Succeeds" library="BuiltIn">
<arg>10s</arg>
<arg>200ms</arg>
<arg>Aguardar o valor "Rua Itacolomi" no elemento "${INPUT_RUA_DO_CLIENTE}" estar presente</arg>
<doc>Runs the specified keyword and retries if it fails.</doc>
<kw name="Aguardar o valor &quot;Rua Itacolomi&quot; no elemento &quot;id=rua&quot; estar presente" sourcename="Aguardar o valor &quot;${valor_esperado}&quot; no elemento &quot;${elemento}&quot; estar presente">
<kw name="Get Element Attribute" library="SeleniumLibrary">
<var>${valor_atual}</var>
<arg>${elemento}</arg>
<arg>value</arg>
<doc>Returns the value of ``attribute`` from the element ``locator``.</doc>
<msg timestamp="20220823 15:50:00.675" level="INFO">${valor_atual} = Rua Itacolomi</msg>
<status status="PASS" starttime="20220823 15:50:00.029" endtime="20220823 15:50:00.677"/>
</kw>
<kw name="Should Be Equal As Strings" library="BuiltIn">
<arg>${valor_atual}</arg>
<arg>${valor_esperado}</arg>
<doc>Fails if objects are unequal after converting them to strings.</doc>
<status status="PASS" starttime="20220823 15:50:00.677" endtime="20220823 15:50:00.678"/>
</kw>
<status status="PASS" starttime="20220823 15:50:00.028" endtime="20220823 15:50:00.679"/>
</kw>
<status status="PASS" starttime="20220823 15:50:00.027" endtime="20220823 15:50:00.679"/>
</kw>
<kw name="Input Text" library="SeleniumLibrary">
<arg>${INPUT_NUMERO_ENDERECO_DO_CLIENTE}</arg>
<arg>347</arg>
<doc>Types the given ``text`` into the text field identified by ``locator``.</doc>
<msg timestamp="20220823 15:50:00.680" level="INFO">Typing text '347' into text field 'id=numero'.</msg>
<status status="PASS" starttime="20220823 15:50:00.679" endtime="20220823 15:50:01.677"/>
</kw>
<kw name="Select From List By Value" library="SeleniumLibrary">
<arg>${SELECT_ESTADO_CIVIL_DO_CLIENTE}</arg>
<arg>Casado(a)</arg>
<doc>Selects options from selection list ``locator`` by ``values``.</doc>
<msg timestamp="20220823 15:50:01.679" level="INFO">Selecting options from selection list 'id=estado-civil' by value Casado(a).</msg>
<status status="PASS" starttime="20220823 15:50:01.678" endtime="20220823 15:50:03.880"/>
</kw>
<kw name="Click Element" library="SeleniumLibrary">
<arg>${CHECK_TESTES_AUTOMATIZADOS}</arg>
<doc>Click the element identified by ``locator``.</doc>
<msg timestamp="20220823 15:50:03.883" level="INFO">Clicking element 'xpath=//span[contains(text(),'Testes Automatizados')]/preceding::input[1]'.</msg>
<status status="PASS" starttime="20220823 15:50:03.881" endtime="20220823 15:50:04.549"/>
</kw>
<kw name="Click Element" library="SeleniumLibrary">
<arg>${CHECK_VIDEO_GAMES}</arg>
<doc>Click the element identified by ``locator``.</doc>
<msg timestamp="20220823 15:50:04.551" level="INFO">Clicking element 'xpath=//span[contains(text(),'Video Games')]/preceding::input[1]'.</msg>
<status status="PASS" starttime="20220823 15:50:04.550" endtime="20220823 15:50:05.217"/>
</kw>
<kw name="Click Element" library="SeleniumLibrary">
<arg>${BUTTON_CADASTRAR}</arg>
<doc>Click the element identified by ``locator``.</doc>
<msg timestamp="20220823 15:50:05.219" level="INFO">Clicking element 'id=cadastrar'.</msg>
<status status="PASS" starttime="20220823 15:50:05.218" endtime="20220823 15:50:05.885"/>
</kw>
<kw name="Wait Until Element Is Visible" library="SeleniumLibrary">
<arg>id=msg</arg>
<doc>Waits until the element ``locator`` is visible.</doc>
<status status="PASS" starttime="20220823 15:50:05.886" endtime="20220823 15:50:06.522"/>
</kw>
<kw name="Wait Until Page Contains" library="SeleniumLibrary">
<arg>Cliente cadastrado com sucesso!</arg>
<doc>Waits until ``text`` appears on the current page.</doc>
<status status="PASS" starttime="20220823 15:50:06.523" endtime="20220823 15:50:06.849"/>
</kw>
<kw name="Close Browser" library="SeleniumLibrary">
<doc>Closes the current browser.</doc>
<status status="PASS" starttime="20220823 15:50:06.850" endtime="20220823 15:50:09.409"/>
</kw>
<status status="PASS" starttime="20220823 15:49:51.462" endtime="20220823 15:50:09.410"/>
</test>
<status status="PASS" starttime="20220823 15:49:51.216" endtime="20220823 15:50:09.412"/>
</suite>
<statistics>
<total>
<stat pass="1" fail="0" skip="0">All Tests</stat>
</total>
<tag>
</tag>
<suite>
<stat pass="1" fail="0" skip="0" id="s1" name="Cadastro-Cliente">Cadastro-Cliente</stat>
</suite>
</statistics>
<errors>
</errors>
</robot>
