<?xml version="1.0" encoding="UTF-8"?>
<robot generator="Robot 5.0.1 (Python 3.10.5 on win32)" generated="20220823 16:35:43.600" rpa="false" schemaversion="3">
<suite id="s1" name="automatedTestsWithRobotFrameworkCourse" source="C:\Projects\automatedTestsWithRobotFrameworkCourse">
<suite id="s1-s1" name="Curso-Robot-Modulo-1" source="C:\Projects\automatedTestsWithRobotFrameworkCourse\curso-robot-modulo-1">
<suite id="s1-s1-s1" name="Catenate" source="C:\Projects\automatedTestsWithRobotFrameworkCourse\curso-robot-modulo-1\catenate.robot">
<test id="s1-s1-s1-t1" name="Exemplo do uso do catenate" line="2">
<kw name="Catenate" library="BuiltIn">
<var>${str1}</var>
<arg>oi</arg>
<arg>mundo</arg>
<arg>do</arg>
<arg>Robot</arg>
<arg>Framework</arg>
<doc>Catenates the given items together and returns the resulted string.</doc>
<msg timestamp="20220823 16:35:43.656" level="INFO">${str1} = oi mundo do Robot Framework</msg>
<status status="PASS" starttime="20220823 16:35:43.655" endtime="20220823 16:35:43.657"/>
</kw>
<kw name="Catenate" library="BuiltIn">
<var>${str2}</var>
<arg>SEPARATOR=,</arg>
<arg>oi</arg>
<arg>mundo</arg>
<arg>do</arg>
<arg>Robot</arg>
<arg>Framework</arg>
<doc>Catenates the given items together and returns the resulted string.</doc>
<msg timestamp="20220823 16:35:43.660" level="INFO">${str2} = oi,mundo,do,Robot,Framework</msg>
<status status="PASS" starttime="20220823 16:35:43.658" endtime="20220823 16:35:43.661"/>
</kw>
<kw name="Log To Console" library="BuiltIn">
<arg>${str1}</arg>
<doc>Logs the given message to the console.</doc>
<status status="PASS" starttime="20220823 16:35:43.662" endtime="20220823 16:35:43.663"/>
</kw>
<kw name="Log To Console" library="BuiltIn">
<arg>${str2}</arg>
<doc>Logs the given message to the console.</doc>
<status status="PASS" starttime="20220823 16:35:43.664" endtime="20220823 16:35:43.665"/>
</kw>
<status status="PASS" starttime="20220823 16:35:43.652" endtime="20220823 16:35:43.665"/>
</test>
<status status="PASS" starttime="20220823 16:35:43.648" endtime="20220823 16:35:43.667"/>
</suite>
<suite id="s1-s1-s2" name="Conversao-Maiusculo-Minusculo" source="C:\Projects\automatedTestsWithRobotFrameworkCourse\curso-robot-modulo-1\conversao-maiusculo-minusculo.robot">
<test id="s1-s1-s2-t1" name="Exemplo de teste maiusculo2minusculo" line="5">
<kw name="Convert To Lower Case" library="String">
<var>${str1}</var>
<arg>ESSE TEXTO VAI SER CONVERTIDO PARA MINUSCULO</arg>
<doc>Converts string to lower case.</doc>
<msg timestamp="20220823 16:35:43.683" level="INFO">${str1} = esse texto vai ser convertido para minusculo</msg>
<status status="PASS" starttime="20220823 16:35:43.682" endtime="20220823 16:35:43.684"/>
</kw>
<kw name="Log To Console" library="BuiltIn">
<arg>${str1}</arg>
<doc>Logs the given message to the console.</doc>
<status status="PASS" starttime="20220823 16:35:43.684" endtime="20220823 16:35:43.686"/>
</kw>
<status status="PASS" starttime="20220823 16:35:43.681" endtime="20220823 16:35:43.686"/>
</test>
<test id="s1-s1-s2-t2" name="Exemplo de teste minusculo2maiusculo" line="9">
<kw name="Convert To Upper Case" library="String">
<var>${str1}</var>
<arg>esse texto vai ser convertido para maiusculo</arg>
<doc>Converts string to upper case.</doc>
<msg timestamp="20220823 16:35:43.696" level="INFO">${str1} = ESSE TEXTO VAI SER CONVERTIDO PARA MAIUSCULO</msg>
<status status="PASS" starttime="20220823 16:35:43.695" endtime="20220823 16:35:43.697"/>
</kw>
<kw name="Log To Console" library="BuiltIn">
<arg>${str1}</arg>
<doc>Logs the given message to the console.</doc>
<status status="PASS" starttime="20220823 16:35:43.698" endtime="20220823 16:35:43.699"/>
</kw>
<status status="PASS" starttime="20220823 16:35:43.693" endtime="20220823 16:35:43.700"/>
</test>
<status status="PASS" starttime="20220823 16:35:43.669" endtime="20220823 16:35:43.703"/>
</suite>
<suite id="s1-s1-s3" name="Evaluate" source="C:\Projects\automatedTestsWithRobotFrameworkCourse\curso-robot-modulo-1\evaluate.robot">
<test id="s1-s1-s3-t1" name="Exemplo do uso da keyworkd evaluate" line="2">
<kw name="Create Dictionary" library="BuiltIn">
<var>${ns}</var>
<arg>x=${4}</arg>
<arg>y=${2}</arg>
<doc>Creates and returns a dictionary based on the given ``items``.</doc>
<msg timestamp="20220823 16:35:43.715" level="INFO">${ns} = {'x': 4, 'y': 2}</msg>
<status status="PASS" starttime="20220823 16:35:43.713" endtime="20220823 16:35:43.716"/>
</kw>
<kw name="Evaluate" library="BuiltIn">
<var>${resultado}</var>
<arg>x+y</arg>
<arg>namespace=${ns}</arg>
<doc>Evaluates the given expression in Python and returns the result.</doc>
<msg timestamp="20220823 16:35:43.718" level="INFO">${resultado} = 6</msg>
<status status="PASS" starttime="20220823 16:35:43.717" endtime="20220823 16:35:43.719"/>
</kw>
<kw name="Log To Console" library="BuiltIn">
<arg>${resultado}</arg>
<doc>Logs the given message to the console.</doc>
<status status="PASS" starttime="20220823 16:35:43.720" endtime="20220823 16:35:43.724"/>
</kw>
<status status="PASS" starttime="20220823 16:35:43.711" endtime="20220823 16:35:43.725"/>
</test>
<status status="PASS" starttime="20220823 16:35:43.707" endtime="20220823 16:35:43.727"/>
</suite>
<suite id="s1-s1-s4" name="Format-String" source="C:\Projects\automatedTestsWithRobotFrameworkCourse\curso-robot-modulo-1\format-string.robot">
<test id="s1-s1-s4-t1" name="Exemplo do format string" line="5">
<kw name="Set Variable" library="BuiltIn">
<var>${user}</var>
<arg>Joao Gabriel</arg>
<doc>Returns the given values which can then be assigned to a variables.</doc>
<msg timestamp="20220823 16:35:43.741" level="INFO">${user} = Joao Gabriel</msg>
<status status="PASS" starttime="20220823 16:35:43.740" endtime="20220823 16:35:43.743"/>
</kw>
<kw name="Set Variable" library="BuiltIn">
<var>${email}</var>
<arg>joao.cadore@inobram.com.br</arg>
<doc>Returns the given values which can then be assigned to a variables.</doc>
<msg timestamp="20220823 16:35:43.745" level="INFO">${email} = joao.cadore@inobram.com.br</msg>
<status status="PASS" starttime="20220823 16:35:43.744" endtime="20220823 16:35:43.747"/>
</kw>
<kw name="Format String" library="String">
<var>${to}</var>
<arg>To:{} &lt;{}&gt;</arg>
<arg>${user}</arg>
<arg>${email}</arg>
<doc>Formats a ``template`` using the given ``positional`` and ``named`` arguments.</doc>
<msg timestamp="20220823 16:35:43.749" level="INFO">${to} = To:Joao Gabriel &lt;joao.cadore@inobram.com.br&gt;</msg>
<status status="PASS" starttime="20220823 16:35:43.747" endtime="20220823 16:35:43.750"/>
</kw>
<kw name="Log To Console" library="BuiltIn">
<arg>${to}</arg>
<doc>Logs the given message to the console.</doc>
<status status="PASS" starttime="20220823 16:35:43.751" endtime="20220823 16:35:43.752"/>
</kw>
<status status="PASS" starttime="20220823 16:35:43.736" endtime="20220823 16:35:43.753"/>
</test>
<status status="PASS" starttime="20220823 16:35:43.730" endtime="20220823 16:35:43.758"/>
</suite>
<suite id="s1-s1-s5" name="Get-Current-Date" source="C:\Projects\automatedTestsWithRobotFrameworkCourse\curso-robot-modulo-1\get-current-date.robot">
<test id="s1-s1-s5-t1" name="Exemplo do get current date" line="5">
<kw name="Get Current Date" library="DateTime">
<var>${data}</var>
<doc>Returns current local or UTC time with an optional increment.</doc>
<msg timestamp="20220823 16:35:43.769" level="INFO">${data} = 2022-08-23 16:35:43.769</msg>
<status status="PASS" starttime="20220823 16:35:43.769" endtime="20220823 16:35:43.771"/>
</kw>
<kw name="Log To Console" library="BuiltIn">
<arg>${data}</arg>
<doc>Logs the given message to the console.</doc>
<status status="PASS" starttime="20220823 16:35:43.772" endtime="20220823 16:35:43.773"/>
</kw>
<kw name="Get Current Date" library="DateTime">
<var>${data_formatada}</var>
<arg>result_format=%d/%m/%Y %H:%M</arg>
<doc>Returns current local or UTC time with an optional increment.</doc>
<msg timestamp="20220823 16:35:43.775" level="INFO">${data_formatada} = 23/08/2022 16:35</msg>
<status status="PASS" starttime="20220823 16:35:43.774" endtime="20220823 16:35:43.776"/>
</kw>
<kw name="Log To Console" library="BuiltIn">
<arg>Exemplo do get current date com data formatada ${data_formatada}</arg>
<doc>Logs the given message to the console.</doc>
<status status="PASS" starttime="20220823 16:35:43.777" endtime="20220823 16:35:43.778"/>
</kw>
<status status="PASS" starttime="20220823 16:35:43.767" endtime="20220823 16:35:43.778"/>
</test>
<status status="PASS" starttime="20220823 16:35:43.761" endtime="20220823 16:35:43.781"/>
</suite>
<suite id="s1-s1-s6" name="Get-Length" source="C:\Projects\automatedTestsWithRobotFrameworkCourse\curso-robot-modulo-1\get-length.robot">
<test id="s1-s1-s6-t1" name="Exemplo do getlength" line="2">
<kw name="Get Length" library="BuiltIn">
<var>${length}</var>
<arg>oi mundo!</arg>
<doc>Returns and logs the length of the given item as an integer.</doc>
<msg timestamp="20220823 16:35:43.791" level="INFO">Length is 9</msg>
<msg timestamp="20220823 16:35:43.792" level="INFO">${length} = 9</msg>
<status status="PASS" starttime="20220823 16:35:43.790" endtime="20220823 16:35:43.793"/>
</kw>
<kw name="Log To Console" library="BuiltIn">
<arg>${length}</arg>
<doc>Logs the given message to the console.</doc>
<status status="PASS" starttime="20220823 16:35:43.794" endtime="20220823 16:35:43.795"/>
</kw>
<kw name="Create List" library="BuiltIn">
<var>@{list}</var>
<arg>valor1</arg>
<arg>valor2</arg>
<arg>valor3</arg>
<arg>valor4</arg>
<doc>Returns a list containing given items.</doc>
<msg timestamp="20220823 16:35:43.796" level="INFO">@{list} = [ valor1 | valor2 | valor3 | valor4 ]</msg>
<status status="PASS" starttime="20220823 16:35:43.795" endtime="20220823 16:35:43.797"/>
</kw>
<kw name="Get Length" library="BuiltIn">
<var>${length_da_lista}</var>
<arg>${list}</arg>
<doc>Returns and logs the length of the given item as an integer.</doc>
<msg timestamp="20220823 16:35:43.799" level="INFO">Length is 4</msg>
<msg timestamp="20220823 16:35:43.800" level="INFO">${length_da_lista} = 4</msg>
<status status="PASS" starttime="20220823 16:35:43.798" endtime="20220823 16:35:43.801"/>
</kw>
<kw name="Log To Console" library="BuiltIn">
<arg>${length_da_lista}</arg>
<doc>Logs the given message to the console.</doc>
<status status="PASS" starttime="20220823 16:35:43.802" endtime="20220823 16:35:43.803"/>
</kw>
<status status="PASS" starttime="20220823 16:35:43.788" endtime="20220823 16:35:43.804"/>
</test>
<status status="PASS" starttime="20220823 16:35:43.783" endtime="20220823 16:35:43.807"/>
</suite>
<suite id="s1-s1-s7" name="Get-Substring" source="C:\Projects\automatedTestsWithRobotFrameworkCourse\curso-robot-modulo-1\get-substring.robot">
<test id="s1-s1-s7-t1" name="Exemplo do get substring" line="5">
<kw name="Get Substring" library="String">
<var>${str1}</var>
<arg>Texto de Exemplo</arg>
<arg>1</arg>
<arg>5</arg>
<doc>Returns a substring from ``start`` index to ``end`` index.</doc>
<msg timestamp="20220823 16:35:43.817" level="INFO">${str1} = exto</msg>
<status status="PASS" starttime="20220823 16:35:43.816" endtime="20220823 16:35:43.818"/>
</kw>
<kw name="Log To Console" library="BuiltIn">
<arg>${str1}</arg>
<doc>Logs the given message to the console.</doc>
<status status="PASS" starttime="20220823 16:35:43.821" endtime="20220823 16:35:43.822"/>
</kw>
<status status="PASS" starttime="20220823 16:35:43.814" endtime="20220823 16:35:43.823"/>
</test>
<status status="PASS" starttime="20220823 16:35:43.809" endtime="20220823 16:35:43.825"/>
</suite>
<suite id="s1-s1-s8" name="Ler-Arquivo" source="C:\Projects\automatedTestsWithRobotFrameworkCourse\curso-robot-modulo-1\ler-arquivo.robot">
<test id="s1-s1-s8-t1" name="Exemplo para ler arquivo" line="5">
<kw name="Get File" library="OperatingSystem">
<var>${conteudo}</var>
<arg>C:\\Projects\\automatedTestsWithRobotFrameworkCourse\\curso-robot-modulo-1/dados.txt</arg>
<doc>Returns the contents of a specified file.</doc>
<msg timestamp="20220823 16:35:43.846" level="INFO" html="true">Getting file '&lt;a href="file://C:\Projects\automatedTestsWithRobotFrameworkCourse\curso-robot-modulo-1\dados.txt"&gt;C:\Projects\automatedTestsWithRobotFrameworkCourse\curso-robot-modulo-1\dados.txt&lt;/a&gt;'.</msg>
<msg timestamp="20220823 16:35:43.848" level="INFO">${conteudo} = dado1=valor1
dado2=valor2
dado3=valor3</msg>
<status status="PASS" starttime="20220823 16:35:43.845" endtime="20220823 16:35:43.849"/>
</kw>
<kw name="Split To Lines" library="String">
<var>@{linhas}</var>
<arg>${conteudo}</arg>
<doc>Splits the given string to lines.</doc>
<msg timestamp="20220823 16:35:43.850" level="INFO">3 lines returned</msg>
<msg timestamp="20220823 16:35:43.851" level="INFO">@{linhas} = [ dado1=valor1 | dado2=valor2 | dado3=valor3 ]</msg>
<status status="PASS" starttime="20220823 16:35:43.849" endtime="20220823 16:35:43.852"/>
</kw>
<for flavor="IN">
<var>${linha}</var>
<value>@{linhas}</value>
<iter>
<var name="${linha}">dado1=valor1</var>
<kw name="Log To Console" library="BuiltIn">
<arg>${linha}</arg>
<doc>Logs the given message to the console.</doc>
<status status="PASS" starttime="20220823 16:35:43.854" endtime="20220823 16:35:43.855"/>
</kw>
<status status="PASS" starttime="20220823 16:35:43.853" endtime="20220823 16:35:43.855"/>
</iter>
<iter>
<var name="${linha}">dado2=valor2</var>
<kw name="Log To Console" library="BuiltIn">
<arg>${linha}</arg>
<doc>Logs the given message to the console.</doc>
<status status="PASS" starttime="20220823 16:35:43.856" endtime="20220823 16:35:43.857"/>
</kw>
<status status="PASS" starttime="20220823 16:35:43.856" endtime="20220823 16:35:43.857"/>
</iter>
<iter>
<var name="${linha}">dado3=valor3</var>
<kw name="Log To Console" library="BuiltIn">
<arg>${linha}</arg>
<doc>Logs the given message to the console.</doc>
<status status="PASS" starttime="20220823 16:35:43.858" endtime="20220823 16:35:43.859"/>
</kw>
<status status="PASS" starttime="20220823 16:35:43.857" endtime="20220823 16:35:43.859"/>
</iter>
<status status="PASS" starttime="20220823 16:35:43.852" endtime="20220823 16:35:43.859"/>
</for>
<status status="PASS" starttime="20220823 16:35:43.844" endtime="20220823 16:35:43.859"/>
</test>
<status status="PASS" starttime="20220823 16:35:43.828" endtime="20220823 16:35:43.862"/>
</suite>
<suite id="s1-s1-s9" name="Set-Variable" source="C:\Projects\automatedTestsWithRobotFrameworkCourse\curso-robot-modulo-1\set-variable.robot">
<test id="s1-s1-s9-t1" name="Exemplo de set variables" line="2">
<kw name="Set Variable" library="BuiltIn">
<var>${msg}</var>
<arg>Oi mundo!</arg>
<doc>Returns the given values which can then be assigned to a variables.</doc>
<msg timestamp="20220823 16:35:43.870" level="INFO">${msg} = Oi mundo!</msg>
<status status="PASS" starttime="20220823 16:35:43.870" endtime="20220823 16:35:43.872"/>
</kw>
<kw name="Log To Console" library="BuiltIn">
<arg>${msg}</arg>
<doc>Logs the given message to the console.</doc>
<status status="PASS" starttime="20220823 16:35:43.872" endtime="20220823 16:35:43.873"/>
</kw>
<status status="PASS" starttime="20220823 16:35:43.868" endtime="20220823 16:35:43.874"/>
</test>
<status status="PASS" starttime="20220823 16:35:43.864" endtime="20220823 16:35:43.876"/>
</suite>
<suite id="s1-s1-s10" name="Should-Be-Equal" source="C:\Projects\automatedTestsWithRobotFrameworkCourse\curso-robot-modulo-1\should-be-equal.robot">
<test id="s1-s1-s10-t1" name="Exemplo do should be equal" line="2">
<kw name="Set Variable" library="BuiltIn">
<var>${msg_esperada}</var>
<arg>Empregado cadastrado com sucesso!</arg>
<doc>Returns the given values which can then be assigned to a variables.</doc>
<msg timestamp="20220823 16:35:43.885" level="INFO">${msg_esperada} = Empregado cadastrado com sucesso!</msg>
<status status="PASS" starttime="20220823 16:35:43.884" endtime="20220823 16:35:43.886"/>
</kw>
<kw name="Should Be Equal" library="BuiltIn">
<arg>Erro desconhecido</arg>
<arg>${msg_esperada}</arg>
<doc>Fails if the given objects are unequal.</doc>
<msg timestamp="20220823 16:35:43.888" level="FAIL">Erro desconhecido != Empregado cadastrado com sucesso!</msg>
<status status="FAIL" starttime="20220823 16:35:43.886" endtime="20220823 16:35:43.889"/>
</kw>
<status status="FAIL" starttime="20220823 16:35:43.882" endtime="20220823 16:35:59.251">Erro desconhecido != Empregado cadastrado com sucesso!</status>
</test>
<test id="s1-s1-s10-t2" name="Exemplo do should be equal com mensagem personalizada" line="6">
<kw name="Set Variable" library="BuiltIn">
<var>${msg_esperada}</var>
<arg>Empregado cadastrado com sucesso!</arg>
<doc>Returns the given values which can then be assigned to a variables.</doc>
<status status="FAIL" starttime="20220823 16:35:59.257" endtime="20220823 16:35:59.258"/>
</kw>
<kw name="Should Be Equal" library="BuiltIn">
<arg>Erro desconhecido</arg>
<arg>${msg_esperada}</arg>
<arg>msg=O teste falhou!</arg>
<doc>Fails if the given objects are unequal.</doc>
<status status="NOT RUN" starttime="20220823 16:35:59.258" endtime="20220823 16:35:59.259"/>
</kw>
<status status="FAIL" starttime="20220823 16:35:59.254" endtime="20220823 16:35:59.259">Execution terminated by signal</status>
</test>
<status status="FAIL" starttime="20220823 16:35:43.878" endtime="20220823 16:35:59.262"/>
</suite>
<suite id="s1-s1-s11" name="Should-Contain" source="C:\Projects\automatedTestsWithRobotFrameworkCourse\curso-robot-modulo-1\should-contain.robot">
<test id="s1-s1-s11-t1" name="Exemplo de teste do should contain" line="2">
<tag>robot:exit</tag>
<status status="FAIL" starttime="20220823 16:35:59.268" endtime="20220823 16:35:59.270">Test execution stopped due to a fatal error.</status>
</test>
<test id="s1-s1-s11-t2" name="Exemplo do should contain com listas" line="5">
<tag>robot:exit</tag>
<status status="FAIL" starttime="20220823 16:35:59.273" endtime="20220823 16:35:59.275">Test execution stopped due to a fatal error.</status>
</test>
<status status="FAIL" starttime="20220823 16:35:59.265" endtime="20220823 16:35:59.278"/>
</suite>
<suite id="s1-s1-s12" name="Should-Match-Regexp" source="C:\Projects\automatedTestsWithRobotFrameworkCourse\curso-robot-modulo-1\should-match-regexp.robot">
<test id="s1-s1-s12-t1" name="Exemplo de regexp" line="2">
<tag>robot:exit</tag>
<status status="FAIL" starttime="20220823 16:35:59.284" endtime="20220823 16:35:59.288">Test execution stopped due to a fatal error.</status>
</test>
<status status="FAIL" starttime="20220823 16:35:59.281" endtime="20220823 16:35:59.291"/>
</suite>
<suite id="s1-s1-s13" name="Subtract-Date" source="C:\Projects\automatedTestsWithRobotFrameworkCourse\curso-robot-modulo-1\subtract-date.robot">
<test id="s1-s1-s13-t1" name="Exemplo subtract date" line="5">
<tag>robot:exit</tag>
<status status="FAIL" starttime="20220823 16:35:59.297" endtime="20220823 16:35:59.300">Test execution stopped due to a fatal error.</status>
</test>
<test id="s1-s1-s13-t2" name="Exemplo2 subtract date" line="9">
<tag>robot:exit</tag>
<status status="FAIL" starttime="20220823 16:35:59.303" endtime="20220823 16:35:59.306">Test execution stopped due to a fatal error.</status>
</test>
<status status="FAIL" starttime="20220823 16:35:59.294" endtime="20220823 16:35:59.309"/>
</suite>
<suite id="s1-s1-s14" name="Teste-For" source="C:\Projects\automatedTestsWithRobotFrameworkCourse\curso-robot-modulo-1\teste-for.robot">
<test id="s1-s1-s14-t1" name="Testando for sobre listas (CONTINUE)" line="2">
<tag>robot:exit</tag>
<status status="FAIL" starttime="20220823 16:35:59.314" endtime="20220823 16:35:59.315">Test execution stopped due to a fatal error.</status>
</test>
<test id="s1-s1-s14-t2" name="Testando for sobre listas (EXIT)" line="9">
<tag>robot:exit</tag>
<status status="FAIL" starttime="20220823 16:35:59.318" endtime="20220823 16:35:59.320">Test execution stopped due to a fatal error.</status>
</test>
<test id="s1-s1-s14-t3" name="Testando for in range listas" line="16">
<tag>robot:exit</tag>
<status status="FAIL" starttime="20220823 16:35:59.324" endtime="20220823 16:35:59.326">Test execution stopped due to a fatal error.</status>
</test>
<status status="FAIL" starttime="20220823 16:35:59.311" endtime="20220823 16:35:59.329"/>
</suite>
<suite id="s1-s1-s15" name="Teste-If" source="C:\Projects\automatedTestsWithRobotFrameworkCourse\curso-robot-modulo-1\teste-if.robot">
<test id="s1-s1-s15-t1" name="Teste do if" line="2">
<tag>robot:exit</tag>
<status status="FAIL" starttime="20220823 16:35:59.335" endtime="20220823 16:35:59.339">Test execution stopped due to a fatal error.</status>
</test>
<status status="FAIL" starttime="20220823 16:35:59.331" endtime="20220823 16:35:59.342"/>
</suite>
<suite id="s1-s1-s16" name="Variaveis" source="C:\Projects\automatedTestsWithRobotFrameworkCourse\curso-robot-modulo-1\variaveis.robot">
<test id="s1-s1-s16-t1" name="Exemplo o uso de variaveis" line="10">
<tag>robot:exit</tag>
<status status="FAIL" starttime="20220823 16:35:59.347" endtime="20220823 16:35:59.349">Test execution stopped due to a fatal error.</status>
</test>
<doc>Exemplo de tipos variáveis: ESCALARES, LISTAS, DICIONARIO e AMBIENTE</doc>
<status status="FAIL" starttime="20220823 16:35:59.345" endtime="20220823 16:35:59.352"/>
</suite>
<status status="FAIL" starttime="20220823 16:35:43.645" endtime="20220823 16:35:59.355"/>
</suite>
<suite id="s1-s2" name="Projeto-Teste-X" source="C:\Projects\automatedTestsWithRobotFrameworkCourse\projeto-teste-x">
<suite id="s1-s2-s1" name="Tests" source="C:\Projects\automatedTestsWithRobotFrameworkCourse\projeto-teste-x\tests">
<suite id="s1-s2-s1-s1" name="Cadastro-Cliente" source="C:\Projects\automatedTestsWithRobotFrameworkCourse\projeto-teste-x\tests\cadastro-cliente.robot">
<test id="s1-s2-s1-s1-t1" name="Fazer o cadastro de um novo cliente" line="41">
<tag>robot:exit</tag>
<status status="FAIL" starttime="20220823 16:35:59.367" endtime="20220823 16:35:59.370">Test execution stopped due to a fatal error.</status>
</test>
<status status="FAIL" starttime="20220823 16:35:59.364" endtime="20220823 16:35:59.375"/>
</suite>
<suite id="s1-s2-s1-s2" name="PrimeiroScriptSelenium" source="C:\Projects\automatedTestsWithRobotFrameworkCourse\projeto-teste-x\tests\PrimeiroScriptSelenium.robot">
<test id="s1-s2-s1-s2-t1" name="Abrir um navegador na página do google" line="5">
<tag>robot:exit</tag>
<status status="FAIL" starttime="20220823 16:35:59.382" endtime="20220823 16:35:59.383">Test execution stopped due to a fatal error.</status>
</test>
<status status="FAIL" starttime="20220823 16:35:59.378" endtime="20220823 16:35:59.386"/>
</suite>
<status status="FAIL" starttime="20220823 16:35:59.362" endtime="20220823 16:35:59.391"/>
</suite>
<status status="FAIL" starttime="20220823 16:35:59.360" endtime="20220823 16:35:59.394"/>
</suite>
<suite id="s1-s3" name="Teste" source="C:\Projects\automatedTestsWithRobotFrameworkCourse\teste.robot">
<test id="s1-s3-t1" name="Caso de teste 1" line="7">
<tag>robot:exit</tag>
<status status="FAIL" starttime="20220823 16:35:59.399" endtime="20220823 16:35:59.401">Test execution stopped due to a fatal error.</status>
</test>
<status status="FAIL" starttime="20220823 16:35:59.397" endtime="20220823 16:35:59.404"/>
</suite>
<status status="FAIL" starttime="20220823 16:35:43.608" endtime="20220823 16:35:59.407"/>
</suite>
<statistics>
<total>
<stat pass="10" fail="15" skip="0">All Tests</stat>
</total>
<tag>
<stat pass="10" fail="2" skip="0" info="combined" combined="NOT robot:exit">NOT robot:exit</stat>
</tag>
<suite>
<stat pass="10" fail="15" skip="0" id="s1" name="automatedTestsWithRobotFrameworkCourse">automatedTestsWithRobotFrameworkCourse</stat>
<stat pass="10" fail="12" skip="0" id="s1-s1" name="Curso-Robot-Modulo-1">automatedTestsWithRobotFrameworkCourse.Curso-Robot-Modulo-1</stat>
<stat pass="1" fail="0" skip="0" id="s1-s1-s1" name="Catenate">automatedTestsWithRobotFrameworkCourse.Curso-Robot-Modulo-1.Catenate</stat>
<stat pass="2" fail="0" skip="0" id="s1-s1-s2" name="Conversao-Maiusculo-Minusculo">automatedTestsWithRobotFrameworkCourse.Curso-Robot-Modulo-1.Conversao-Maiusculo-Minusculo</stat>
<stat pass="1" fail="0" skip="0" id="s1-s1-s3" name="Evaluate">automatedTestsWithRobotFrameworkCourse.Curso-Robot-Modulo-1.Evaluate</stat>
<stat pass="1" fail="0" skip="0" id="s1-s1-s4" name="Format-String">automatedTestsWithRobotFrameworkCourse.Curso-Robot-Modulo-1.Format-String</stat>
<stat pass="1" fail="0" skip="0" id="s1-s1-s5" name="Get-Current-Date">automatedTestsWithRobotFrameworkCourse.Curso-Robot-Modulo-1.Get-Current-Date</stat>
<stat pass="1" fail="0" skip="0" id="s1-s1-s6" name="Get-Length">automatedTestsWithRobotFrameworkCourse.Curso-Robot-Modulo-1.Get-Length</stat>
<stat pass="1" fail="0" skip="0" id="s1-s1-s7" name="Get-Substring">automatedTestsWithRobotFrameworkCourse.Curso-Robot-Modulo-1.Get-Substring</stat>
<stat pass="1" fail="0" skip="0" id="s1-s1-s8" name="Ler-Arquivo">automatedTestsWithRobotFrameworkCourse.Curso-Robot-Modulo-1.Ler-Arquivo</stat>
<stat pass="1" fail="0" skip="0" id="s1-s1-s9" name="Set-Variable">automatedTestsWithRobotFrameworkCourse.Curso-Robot-Modulo-1.Set-Variable</stat>
<stat pass="0" fail="2" skip="0" id="s1-s1-s10" name="Should-Be-Equal">automatedTestsWithRobotFrameworkCourse.Curso-Robot-Modulo-1.Should-Be-Equal</stat>
<stat pass="0" fail="2" skip="0" id="s1-s1-s11" name="Should-Contain">automatedTestsWithRobotFrameworkCourse.Curso-Robot-Modulo-1.Should-Contain</stat>
<stat pass="0" fail="1" skip="0" id="s1-s1-s12" name="Should-Match-Regexp">automatedTestsWithRobotFrameworkCourse.Curso-Robot-Modulo-1.Should-Match-Regexp</stat>
<stat pass="0" fail="2" skip="0" id="s1-s1-s13" name="Subtract-Date">automatedTestsWithRobotFrameworkCourse.Curso-Robot-Modulo-1.Subtract-Date</stat>
<stat pass="0" fail="3" skip="0" id="s1-s1-s14" name="Teste-For">automatedTestsWithRobotFrameworkCourse.Curso-Robot-Modulo-1.Teste-For</stat>
<stat pass="0" fail="1" skip="0" id="s1-s1-s15" name="Teste-If">automatedTestsWithRobotFrameworkCourse.Curso-Robot-Modulo-1.Teste-If</stat>
<stat pass="0" fail="1" skip="0" id="s1-s1-s16" name="Variaveis">automatedTestsWithRobotFrameworkCourse.Curso-Robot-Modulo-1.Variaveis</stat>
<stat pass="0" fail="2" skip="0" id="s1-s2" name="Projeto-Teste-X">automatedTestsWithRobotFrameworkCourse.Projeto-Teste-X</stat>
<stat pass="0" fail="2" skip="0" id="s1-s2-s1" name="Tests">automatedTestsWithRobotFrameworkCourse.Projeto-Teste-X.Tests</stat>
<stat pass="0" fail="1" skip="0" id="s1-s2-s1-s1" name="Cadastro-Cliente">automatedTestsWithRobotFrameworkCourse.Projeto-Teste-X.Tests.Cadastro-Cliente</stat>
<stat pass="0" fail="1" skip="0" id="s1-s2-s1-s2" name="PrimeiroScriptSelenium">automatedTestsWithRobotFrameworkCourse.Projeto-Teste-X.Tests.PrimeiroScriptSelenium</stat>
<stat pass="0" fail="1" skip="0" id="s1-s3" name="Teste">automatedTestsWithRobotFrameworkCourse.Teste</stat>
</suite>
</statistics>
<errors>
</errors>
</robot>
